<?xml version="1.0" encoding="UTF-8"?>
<testng-results ignored="0" total="2" passed="1" failed="1" skipped="0">
  <reporter-output>
  </reporter-output>
  <suite started-at="2025-03-14T01:10:55 CDT" name="Default suite" finished-at="2025-03-14T01:11:00 CDT" duration-ms="5364">
    <groups>
    </groups>
    <test started-at="2025-03-14T01:10:55 CDT" name="Default test" finished-at="2025-03-14T01:11:00 CDT" duration-ms="5364">
      <class name="test.HomePageTest">
        <test-method is-config="true" signature="setup()[pri:0, instance:test.HomePageTest@3d5c822d]" started-at="2025-03-14T01:10:55 CDT" name="setup" finished-at="2025-03-14T01:10:59 CDT" duration-ms="4294" status="PASS">
          <reporter-output>
          </reporter-output>
        </test-method> <!-- setup -->
        <test-method signature="navigateToAboutUsPage()[pri:0, instance:test.HomePageTest@3d5c822d]" started-at="2025-03-14T01:10:59 CDT" name="navigateToAboutUsPage" finished-at="2025-03-14T01:11:00 CDT" duration-ms="749" status="PASS">
          <reporter-output>
          </reporter-output>
        </test-method> <!-- navigateToAboutUsPage -->
        <test-method signature="verifyHomePageTitle()[pri:0, instance:test.HomePageTest@3d5c822d]" started-at="2025-03-14T01:11:00 CDT" name="verifyHomePageTitle" finished-at="2025-03-14T01:11:00 CDT" duration-ms="24" status="FAIL">
          <exception class="java.lang.AssertionError">
            <message>
              <![CDATA[Title mismatch expected [About us - RNS Equity] but found [About us – RNS Equity]]]>
            </message>
            <full-stacktrace>
              <![CDATA[java.lang.AssertionError: Title mismatch expected [About us - RNS Equity] but found [About us – RNS Equity]
at org.testng.Assert.fail(Assert.java:111)
at org.testng.Assert.failNotEquals(Assert.java:1578)
at org.testng.Assert.assertEqualsImpl(Assert.java:150)
at org.testng.Assert.assertEquals(Assert.java:132)
at org.testng.Assert.assertEquals(Assert.java:656)
at test.HomePageTest.verifyHomePageTitle(HomePageTest.java:20)
at java.base/jdk.internal.reflect.DirectMethodHandleAccessor.invoke(DirectMethodHandleAccessor.java:103)
at java.base/java.lang.reflect.Method.invoke(Method.java:580)
at org.testng.internal.invokers.MethodInvocationHelper.invokeMethod(MethodInvocationHelper.java:139)
at org.testng.internal.invokers.TestInvoker.invokeMethod(TestInvoker.java:664)
at org.testng.internal.invokers.TestInvoker.invokeTestMethod(TestInvoker.java:227)
at org.testng.internal.invokers.MethodRunner.runInSequence(MethodRunner.java:50)
at org.testng.internal.invokers.TestInvoker$MethodInvocationAgent.invoke(TestInvoker.java:957)
at org.testng.internal.invokers.TestInvoker.invokeTestMethods(TestInvoker.java:200)
at org.testng.internal.invokers.TestMethodWorker.invokeTestMethods(TestMethodWorker.java:148)
at org.testng.internal.invokers.TestMethodWorker.run(TestMethodWorker.java:128)
at java.base/java.util.ArrayList.forEach(ArrayList.java:1597)
at org.testng.TestRunner.privateRun(TestRunner.java:848)
at org.testng.TestRunner.run(TestRunner.java:621)
at org.testng.SuiteRunner.runTest(SuiteRunner.java:443)
at org.testng.SuiteRunner.runSequentially(SuiteRunner.java:437)
at org.testng.SuiteRunner.privateRun(SuiteRunner.java:397)
at org.testng.SuiteRunner.run(SuiteRunner.java:336)
at org.testng.SuiteRunnerWorker.runSuite(SuiteRunnerWorker.java:52)
at org.testng.SuiteRunnerWorker.run(SuiteRunnerWorker.java:95)
at org.testng.TestNG.runSuitesSequentially(TestNG.java:1280)
at org.testng.TestNG.runSuitesLocally(TestNG.java:1200)
at org.testng.TestNG.runSuites(TestNG.java:1114)
at org.testng.TestNG.run(TestNG.java:1082)
at org.testng.remote.AbstractRemoteTestNG.run(AbstractRemoteTestNG.java:115)
at org.testng.remote.RemoteTestNG.initAndRun(RemoteTestNG.java:293)
at org.testng.remote.RemoteTestNG.main(RemoteTestNG.java:91)
]]>
            </full-stacktrace>
          </exception> <!-- java.lang.AssertionError -->
          <reporter-output>
          </reporter-output>
        </test-method> <!-- verifyHomePageTitle -->
        <test-method is-config="true" signature="tearDown()[pri:0, instance:test.HomePageTest@3d5c822d]" started-at="2025-03-14T01:11:00 CDT" name="tearDown" finished-at="2025-03-14T01:11:00 CDT" duration-ms="251" status="PASS">
          <reporter-output>
          </reporter-output>
        </test-method> <!-- tearDown -->
      </class> <!-- test.HomePageTest -->
    </test> <!-- Default test -->
  </suite> <!-- Default suite -->
</testng-results>
